<?xml version="1.0" encoding="UTF-8"?>
<!-- Generated by org.testng.reporters.JUnitReportReporter -->
<testsuite hostname="LAPTOP-AAJOKUD0" failures="0" tests="2" name="stepdefinations.ParallelRun" time="57.132" errors="2" timestamp="2023-02-27T17:04:20 IST" skipped="0">
  <testcase classname="stepdefinations.ParallelRun" name="runScenario" time="28.450">
    <error message="Index 0 out of bounds for length 0" type="java.lang.IndexOutOfBoundsException">
      <![CDATA[java.lang.IndexOutOfBoundsException: Index 0 out of bounds for length 0
at java.base/jdk.internal.util.Preconditions.outOfBounds(Preconditions.java:64)
at java.base/jdk.internal.util.Preconditions.outOfBoundsCheckIndex(Preconditions.java:70)
at java.base/jdk.internal.util.Preconditions.checkIndex(Preconditions.java:266)
at java.base/java.util.Objects.checkIndex(Objects.java:359)
at java.base/java.util.ArrayList.get(ArrayList.java:427)
at factory.Login.login_in_saral_application(Login.java:51)
at stepdefinations.wardKaryakarta.user_logged_in_into_the_saral_application(wardKaryakarta.java:197)
at ✽.user logged in into the saral application(file:///C:/Users/meena/Selenium-Automation/BDD/features/wardKaryakart.feature:3)
]]>
    </error>
  </testcase> <!-- runScenario -->
  <system-out/>
  <testcase classname="stepdefinations.ParallelRun" name="runScenario" time="28.682">
    <error message="Index 0 out of bounds for length 0" type="java.lang.IndexOutOfBoundsException">
      <![CDATA[java.lang.IndexOutOfBoundsException: Index 0 out of bounds for length 0
at java.base/jdk.internal.util.Preconditions.outOfBounds(Preconditions.java:64)
at java.base/jdk.internal.util.Preconditions.outOfBoundsCheckIndex(Preconditions.java:70)
at java.base/jdk.internal.util.Preconditions.checkIndex(Preconditions.java:266)
at java.base/java.util.Objects.checkIndex(Objects.java:359)
at java.base/java.util.ArrayList.get(ArrayList.java:427)
at factory.Login.login_in_saral_application(Login.java:51)
at stepdefinations.wardKaryakarta.user_logged_in_into_the_saral_application(wardKaryakarta.java:197)
at ✽.user logged in into the saral application(file:///C:/Users/meena/Selenium-Automation/BDD/features/loksabhaKaryakarta.feature:3)
]]>
    </error>
  </testcase> <!-- runScenario -->
  <system-out/>
</testsuite> <!-- stepdefinations.ParallelRun -->
