<?xml version="1.0" encoding="UTF-8"?>
<!-- Generated by org.testng.reporters.JUnitReportReporter -->
<testsuite hostname="LAPTOP-AAJOKUD0" failures="1" tests="1" name="runner.zilaRunner" time="353.541" errors="0" timestamp="2023-03-21T15:36:47 IST" skipped="0">
  <testcase classname="runner.zilaRunner" name="runScenario" time="353.541">
    <failure message="expected [ZILA KARYAKARTA AUTOMATION] but found []" type="java.lang.AssertionError">
      <![CDATA[java.lang.AssertionError: expected [ZILA KARYAKARTA AUTOMATION] but found []
at org.testng.Assert.fail(Assert.java:110)
at org.testng.Assert.failNotEquals(Assert.java:1577)
at org.testng.Assert.assertEqualsImpl(Assert.java:149)
at org.testng.Assert.assertEquals(Assert.java:131)
at org.testng.Assert.assertEquals(Assert.java:655)
at org.testng.Assert.assertEquals(Assert.java:665)
at stepdefinations.wardKaryakarta.user_verify_all_the_added_data(wardKaryakarta.java:820)
at âœ½.user verify all the added data(file:///C:/Users/meena/Selenium-Automation/BDD/src/test/resources/features/zila/zila.feature:64)
]]>
    </failure>
  </testcase> <!-- runScenario -->
  <system-out/>
</testsuite> <!-- runner.zilaRunner -->
