<?xml version="1.0" encoding="UTF-8"?>
<!-- Generated by org.testng.reporters.JUnitReportReporter -->
<testsuite hostname="LAPTOP-AAJOKUD0" failures="0" tests="1" name="runner.mandalRunner" time="471.557" errors="1" timestamp="2023-03-21T14:43:47 IST" skipped="0">
  <testcase classname="runner.mandalRunner" name="runScenario" time="471.557">
    <error message="Unable to find element with locator By.xpath: //table/tbody/tr[14]/td[17]//mat-icon[contains(.,&#039;more_vert&#039;)]
For documentation on this error, please visit: https://selenium.dev/exceptions/#no_such_element
Build info: version: &#039;4.5.3&#039;, revision: &#039;4b786a1e430&#039;
System info: os.name: &#039;Windows 11&#039;, os.arch: &#039;amd64&#039;, os.version: &#039;10.0&#039;, java.version: &#039;17.0.5&#039;
Driver info: driver.version: RemoteWebDriver" type="org.openqa.selenium.NoSuchElementException">
      <![CDATA[org.openqa.selenium.NoSuchElementException: Unable to find element with locator By.xpath: //table/tbody/tr[14]/td[17]//mat-icon[contains(.,'more_vert')]
For documentation on this error, please visit: https://selenium.dev/exceptions/#no_such_element
Build info: version: '4.5.3', revision: '4b786a1e430'
System info: os.name: 'Windows 11', os.arch: 'amd64', os.version: '10.0', java.version: '17.0.5'
Driver info: driver.version: RemoteWebDriver
at org.openqa.selenium.remote.ElementLocation$ElementFinder$2.findElement(ElementLocation.java:165)
at org.openqa.selenium.remote.ElementLocation.findElement(ElementLocation.java:60)
at org.openqa.selenium.remote.RemoteWebDriver.findElement(RemoteWebDriver.java:365)
at org.openqa.selenium.remote.RemoteWebDriver.findElement(RemoteWebDriver.java:357)
at stepdefinations.wardKaryakarta.get_Karyakarta_Data_To_Edit(wardKaryakarta.java:2916)
at stepdefinations.wardKaryakarta.user_click_on_edit_button_for_recently_added_entry(wardKaryakarta.java:800)
at âœ½.user click on edit button for recently added entry(file:///C:/Users/meena/Selenium-Automation/BDD/src/test/resources/features/mandal/mandal.feature:64)
]]>
    </error>
  </testcase> <!-- runScenario -->
  <system-out/>
</testsuite> <!-- runner.mandalRunner -->
