<?xml version="1.0" encoding="UTF-8"?>
<!-- Generated by org.testng.reporters.JUnitReportReporter -->
<testsuite hostname="LAPTOP-AAJOKUD0" failures="1" tests="1" name="runner.loksabhaKaryakartaRunner" time="21.867" errors="0" timestamp="2023-03-21T14:43:26 IST" skipped="0">
  <testcase classname="runner.loksabhaKaryakartaRunner" name="runScenario" time="21.867">
    <failure message="expected [1 - Saharanpur &gt;&gt; Core Sangathan &gt;&gt; Office Bearer] but found [&gt;&gt; &gt;&gt;]" type="java.lang.AssertionError">
      <![CDATA[java.lang.AssertionError: expected [1 - Saharanpur >> Core Sangathan >> Office Bearer] but found [>> >>]
at org.testng.Assert.fail(Assert.java:110)
at org.testng.Assert.failNotEquals(Assert.java:1577)
at org.testng.Assert.assertEqualsImpl(Assert.java:149)
at org.testng.Assert.assertEquals(Assert.java:131)
at org.testng.Assert.assertEquals(Assert.java:655)
at org.testng.Assert.assertEquals(Assert.java:665)
at stepdefinations.LoksabhaKaryakarta.user_click_on_search_button_and_verify_loksabha_karyakarta_filter_text(LoksabhaKaryakarta.java:115)
at âœ½.user click on search button and verify loksabha karyakarta filter text(file:///C:/Users/meena/Selenium-Automation/BDD/src/test/resources/features/loksabhaKaryakarta/loksabhaKaryakarta.feature:15)
]]>
    </failure>
  </testcase> <!-- runScenario -->
  <system-out/>
</testsuite> <!-- runner.loksabhaKaryakartaRunner -->
