<?xml version="1.0" encoding="UTF-8"?>
<!-- Generated by org.testng.reporters.JUnitReportReporter -->
<testsuite hostname="LAPTOP-AAJOKUD0" failures="1" tests="1" name="runner.pannaRunner" time="32.833" errors="0" timestamp="2023-03-21T15:23:57 IST" skipped="0">
  <testcase classname="runner.pannaRunner" name="runScenario" time="32.833">
    <failure message="expected [Booth : 
1 - Prathamik Vidyalaya Kaksh Nambar 1 Rahana          
Panna : 
PAGE-1] but found [Booth : 
1 - Prathamik Vidyalaya Kaksh Nambar 1 Rahana          
Panna : 
1 - PAGE-1]" type="java.lang.AssertionError">
      <![CDATA[java.lang.AssertionError: expected [Booth : 
1 - Prathamik Vidyalaya Kaksh Nambar 1 Rahana          
Panna : 
PAGE-1] but found [Booth : 
1 - Prathamik Vidyalaya Kaksh Nambar 1 Rahana          
Panna : 
1 - PAGE-1]
at org.testng.Assert.fail(Assert.java:110)
at org.testng.Assert.failNotEquals(Assert.java:1577)
at org.testng.Assert.assertEqualsImpl(Assert.java:149)
at org.testng.Assert.assertEquals(Assert.java:131)
at org.testng.Assert.assertEquals(Assert.java:655)
at org.testng.Assert.assertEquals(Assert.java:665)
at stepdefinations.PannaKaryakarta.user_click_on_search_button_and_verify_panna_karyakarta_filter_text(PannaKaryakarta.java:109)
at âœ½.user click on search button and verify panna karyakarta filter text(file:///C:/Users/meena/Selenium-Automation/BDD/src/test/resources/features/panna/pannaKaryakarta.feature:15)
]]>
    </failure>
  </testcase> <!-- runScenario -->
  <system-out/>
</testsuite> <!-- runner.pannaRunner -->
