<?xml version="1.0" encoding="UTF-8"?>
<!-- Generated by org.testng.reporters.JUnitXMLReporter -->
<testsuite ignored="0" hostname="LAPTOP-AAJOKUD0" failures="2" tests="2" name="Test1" time="39.426" errors="0" timestamp="2023-03-08T19:50:01 IST">
  <testcase classname="io.cucumber.testng.AbstractTestNGCucumberTests" name="runScenario" time="31.383">
    <failure type="org.openqa.selenium.ElementClickInterceptedException" message="element click intercepted: Element &amp;lt;div class=&amp;quot;ng-placeholder&amp;quot;&amp;gt;...&amp;lt;/div&amp;gt; is not clickable at point (122, 229). Other element would receive the click: &amp;lt;div class=&amp;quot;ng-value ng-star-inserted&amp;quot;&amp;gt;...&amp;lt;/div&amp;gt;
  (Session info: chrome=110.0.5481.178)
Build info: version: &amp;apos;4.5.3&amp;apos;, revision: &amp;apos;4b786a1e430&amp;apos;
System info: os.name: &amp;apos;Windows 11&amp;apos;, os.arch: &amp;apos;amd64&amp;apos;, os.version: &amp;apos;10.0&amp;apos;, java.version: &amp;apos;17.0.5&amp;apos;
Driver info: org.openqa.selenium.chrome.ChromeDriver
Command: [3f0b99485ff144ded06a49c834bc696b, clickElement {id=693e2454-845b-4b95-9e90-2f7ac9d9c8b1}]
Capabilities {acceptInsecureCerts: false, browserName: chrome, browserVersion: 110.0.5481.178, chrome: {chromedriverVersion: 110.0.5481.77 (65ed616c6e8e..., userDataDir: C:\Users\meena\AppData\Loca...}, goog:chromeOptions: {debuggerAddress: localhost:59515}, networkConnectionEnabled: false, pageLoadStrategy: normal, platformName: WINDOWS, proxy: Proxy(), se:cdp: ws://localhost:59515/devtoo..., se:cdpVersion: 110.0.5481.178, setWindowRect: true, strictFileInteractability: false, timeouts: {implicit: 0, pageLoad: 300000, script: 30000}, unhandledPromptBehavior: dismiss and notify, webauthn:extension:credBlob: true, webauthn:extension:largeBlob: true, webauthn:virtualAuthenticators: true}
Element: [[ChromeDriver: chrome on WINDOWS (3f0b99485ff144ded06a49c834bc696b)] -&amp;gt; xpath: //div[@class=&amp;apos;ng-placeholder&amp;apos;]]
Session ID: 3f0b99485ff144ded06a49c834bc696b">
      <![CDATA[org.openqa.selenium.ElementClickInterceptedException: element click intercepted: Element <div class="ng-placeholder">...</div> is not clickable at point (122, 229). Other element would receive the click: <div class="ng-value ng-star-inserted">...</div>
  (Session info: chrome=110.0.5481.178)
Build info: version: '4.5.3', revision: '4b786a1e430'
System info: os.name: 'Windows 11', os.arch: 'amd64', os.version: '10.0', java.version: '17.0.5'
Driver info: org.openqa.selenium.chrome.ChromeDriver
Command: [3f0b99485ff144ded06a49c834bc696b, clickElement {id=693e2454-845b-4b95-9e90-2f7ac9d9c8b1}]
Capabilities {acceptInsecureCerts: false, browserName: chrome, browserVersion: 110.0.5481.178, chrome: {chromedriverVersion: 110.0.5481.77 (65ed616c6e8e..., userDataDir: C:\Users\meena\AppData\Loca...}, goog:chromeOptions: {debuggerAddress: localhost:59515}, networkConnectionEnabled: false, pageLoadStrategy: normal, platformName: WINDOWS, proxy: Proxy(), se:cdp: ws://localhost:59515/devtoo..., se:cdpVersion: 110.0.5481.178, setWindowRect: true, strictFileInteractability: false, timeouts: {implicit: 0, pageLoad: 300000, script: 30000}, unhandledPromptBehavior: dismiss and notify, webauthn:extension:credBlob: true, webauthn:extension:largeBlob: true, webauthn:virtualAuthenticators: true}
Element: [[ChromeDriver: chrome on WINDOWS (3f0b99485ff144ded06a49c834bc696b)] -> xpath: //div[@class='ng-placeholder']]
Session ID: 3f0b99485ff144ded06a49c834bc696b
at org.openqa.selenium.remote.codec.w3c.W3CHttpResponseCodec.createException(W3CHttpResponseCodec.java:200)
at org.openqa.selenium.remote.codec.w3c.W3CHttpResponseCodec.decode(W3CHttpResponseCodec.java:133)
at org.openqa.selenium.remote.codec.w3c.W3CHttpResponseCodec.decode(W3CHttpResponseCodec.java:53)
at org.openqa.selenium.remote.HttpCommandExecutor.execute(HttpCommandExecutor.java:184)
at org.openqa.selenium.remote.service.DriverCommandExecutor.invokeExecute(DriverCommandExecutor.java:167)
at org.openqa.selenium.remote.service.DriverCommandExecutor.execute(DriverCommandExecutor.java:142)
at org.openqa.selenium.remote.RemoteWebDriver.execute(RemoteWebDriver.java:541)
at org.openqa.selenium.remote.RemoteWebElement.execute(RemoteWebElement.java:257)
at org.openqa.selenium.remote.RemoteWebElement.click(RemoteWebElement.java:78)
at stepdefinations.grampanchayatKaryakarta.user_select_grampanchayat_karyakarta_data_filter(grampanchayatKaryakarta.java:111)
at ✽.user select grampanchayat karyakarta data filter(file:///C:/Users/meena/Selenium-Automation/BDD/src/test/resources/features/grampanchayatKaryakarta/grampanchayat.feature:10)
... Removed 5 stack frames]]>
    </failure>
  </testcase> <!-- runScenario -->
  <testcase classname="io.cucumber.testng.AbstractTestNGCucumberTests" name="runScenario" time="37.705">
    <failure type="java.lang.AssertionError" message="expected [1 - Saharanpur &amp;gt;&amp;gt; Core Sangathan &amp;gt;&amp;gt; Office Bearer] but found [&amp;gt;&amp;gt; &amp;gt;&amp;gt;]">
      <![CDATA[java.lang.AssertionError: expected [1 - Saharanpur >> Core Sangathan >> Office Bearer] but found [>> >>]
at stepdefinations.LoksabhaKaryakarta.user_click_on_search_button_and_verify_loksabha_karyakarta_filter_text(LoksabhaKaryakarta.java:119)
at ✽.user click on search button and verify loksabha karyakarta filter text(file:///C:/Users/meena/Selenium-Automation/BDD/src/test/resources/features/loksabhaKaryakarta/loksabhaKaryakarta.feature:15)
... Removed 6 stack frames]]>
    </failure>
  </testcase> <!-- runScenario -->
</testsuite> <!-- Test1 -->
